uvicorn : INFO:     Started 
server process [4704]
At line:1 char:1
+ uvicorn main:app --port 
8003 2>&1 | Out-File 
-Encoding utf8 temp_erro ...
+ ~~~~~~~~~~~~~~~~~~~~~~~~~~~
~~~~~~
    + CategoryInfo           
   : NotSpecified: (INFO:    
     Started server proces   
 s [4704]:String) [], Rem    
oteException
    + FullyQualifiedErrorId  
   : NativeCommandError
 
INFO:     Waiting for 
application startup.
INFO:     Application 
startup complete.
INFO:     Uvicorn running on 
http://127.0.0.1:8003 (Press 
CTRL+C to quit)
forrtl: error (200): program 
aborting due to window-CLOSE 
event
Image              PC        
        Routine            
Line        Source           
  
KERNELBASE.dll     
00007FFE982E9DED  Unknown    
           Unknown  Unknown
KERNEL32.DLL       
00007FFE9A6CE8D7  Unknown    
           Unknown  Unknown
ntdll.dll          
00007FFE9B80C48C  Unknown    
           Unknown  Unknown
